2024-09-20 21:04:41 ERROR o.B.coucheUtilitaire.LoggerMessage - ertyujk
2024-09-21 11:43:55 INFO  o.B.coucheUtilitaire.LoggerMessage - Projet registration successful.
2024-09-21 11:44:47 INFO  o.B.coucheUtilitaire.LoggerMessage - Mainœuvre  success.
2024-09-21 11:44:47 INFO  o.B.coucheUtilitaire.LoggerMessage - Mainœuvre  success.
2024-09-21 11:46:10 INFO  o.B.coucheUtilitaire.LoggerMessage - materiaux  success.
2024-09-21 11:46:10 INFO  o.B.coucheUtilitaire.LoggerMessage - materiaux  success.
2024-09-21 13:45:55 INFO  o.B.coucheUtilitaire.LoggerMessage - Projet registration successful.
2024-09-21 13:46:42 INFO  o.B.coucheUtilitaire.LoggerMessage - Mainœuvre  success.
2024-09-21 13:48:11 INFO  o.B.coucheUtilitaire.LoggerMessage - materiaux  success.
2024-09-21 13:48:11 INFO  o.B.coucheUtilitaire.LoggerMessage - materiaux  success.
2024-09-21 13:57:16 INFO  o.B.coucheUtilitaire.LoggerMessage - Projet registration successful.
2024-09-21 13:58:48 INFO  o.B.coucheUtilitaire.LoggerMessage - Mainœuvre  success.
2024-09-21 13:58:48 INFO  o.B.coucheUtilitaire.LoggerMessage - Mainœuvre  success.
2024-09-21 14:00:09 INFO  o.B.coucheUtilitaire.LoggerMessage - materiaux  success.
2024-09-21 14:00:09 INFO  o.B.coucheUtilitaire.LoggerMessage - materiaux  success.
2024-09-21 14:15:15 INFO  o.B.coucheUtilitaire.LoggerMessage - Projet registration successful.
2024-09-21 14:16:37 INFO  o.B.coucheUtilitaire.LoggerMessage - Mainœuvre  success.
2024-09-21 14:16:37 INFO  o.B.coucheUtilitaire.LoggerMessage - Mainœuvre  success.
2024-09-21 14:18:03 INFO  o.B.coucheUtilitaire.LoggerMessage - materiaux  success.
2024-09-21 14:18:03 INFO  o.B.coucheUtilitaire.LoggerMessage - materiaux  success.
2024-09-21 14:58:27 INFO  o.B.coucheUtilitaire.LoggerMessage - Projet registration successful.
2024-09-21 14:59:51 INFO  o.B.coucheUtilitaire.LoggerMessage - Mainœuvre  success.
2024-09-21 14:59:51 INFO  o.B.coucheUtilitaire.LoggerMessage - Mainœuvre  success.
2024-09-21 15:01:24 INFO  o.B.coucheUtilitaire.LoggerMessage - materiaux  success.
2024-09-21 15:01:24 INFO  o.B.coucheUtilitaire.LoggerMessage - materiaux  success.
2024-09-21 16:09:17 ERROR o.B.coucheUtilitaire.LoggerMessage - Aucun Client
2024-09-21 16:09:58 INFO  o.B.coucheUtilitaire.LoggerMessage - Projet registration successful.
2024-09-21 16:11:12 INFO  o.B.coucheUtilitaire.LoggerMessage - Mainœuvre  success.
2024-09-21 16:11:12 INFO  o.B.coucheUtilitaire.LoggerMessage - Mainœuvre  success.
2024-09-21 16:12:34 INFO  o.B.coucheUtilitaire.LoggerMessage - materiaux  success.
2024-09-21 16:12:34 INFO  o.B.coucheUtilitaire.LoggerMessage - materiaux  success.
2024-09-21 16:32:07 INFO  o.B.coucheUtilitaire.LoggerMessage - Projet registration successful.
2024-09-21 16:33:16 INFO  o.B.coucheUtilitaire.LoggerMessage - Mainœuvre  success.
2024-09-21 16:33:16 INFO  o.B.coucheUtilitaire.LoggerMessage - Mainœuvre  success.
2024-09-21 16:34:26 INFO  o.B.coucheUtilitaire.LoggerMessage - materiaux  success.
2024-09-21 16:34:26 INFO  o.B.coucheUtilitaire.LoggerMessage - materiaux  success.
2024-09-21 16:38:28 ERROR o.B.coucheUtilitaire.LoggerMessage - Aucun Client
2024-09-21 16:39:00 INFO  o.B.coucheUtilitaire.LoggerMessage - Projet registration successful.
2024-09-21 16:39:28 INFO  o.B.coucheUtilitaire.LoggerMessage - Mainœuvre  success.
2024-09-21 16:39:28 INFO  o.B.coucheUtilitaire.LoggerMessage - Mainœuvre  success.
2024-09-21 16:39:42 INFO  o.B.coucheUtilitaire.LoggerMessage - materiaux  success.
2024-09-21 16:46:49 ERROR o.B.coucheUtilitaire.LoggerMessage - Error 23505
2024-09-21 16:46:49 INFO  o.B.coucheUtilitaire.LoggerMessage - Projet registration successful.
2024-09-21 16:51:08 INFO  o.B.coucheUtilitaire.LoggerMessage - Projet registration successful.
2024-09-21 16:52:11 INFO  o.B.coucheUtilitaire.LoggerMessage - Mainœuvre  success.
2024-09-21 16:52:11 INFO  o.B.coucheUtilitaire.LoggerMessage - Mainœuvre  success.
2024-09-21 16:53:36 INFO  o.B.coucheUtilitaire.LoggerMessage - materiaux  success.
2024-09-21 16:53:36 INFO  o.B.coucheUtilitaire.LoggerMessage - materiaux  success.
2024-09-21 17:10:46 INFO  o.B.coucheUtilitaire.LoggerMessage - Client registration successful.
2024-09-21 17:11:04 INFO  o.B.coucheUtilitaire.LoggerMessage - Projet registration successful.
2024-09-21 17:12:35 INFO  o.B.coucheUtilitaire.LoggerMessage - Mainœuvre  success.
2024-09-21 17:12:35 INFO  o.B.coucheUtilitaire.LoggerMessage - Mainœuvre  success.
2024-09-21 17:13:19 INFO  o.B.coucheUtilitaire.LoggerMessage - materiaux  success.
2024-09-21 17:13:19 INFO  o.B.coucheUtilitaire.LoggerMessage - materiaux  success.
2024-09-21 20:52:44 INFO  o.B.coucheUtilitaire.LoggerMessage - Aucun projet ajouté pour le client.
2024-09-21 20:53:13 INFO  o.B.coucheUtilitaire.LoggerMessage - Projet registration successful.
2024-09-21 20:54:24 INFO  o.B.coucheUtilitaire.LoggerMessage - Mainœuvre  success.
2024-09-21 20:54:24 INFO  o.B.coucheUtilitaire.LoggerMessage - Mainœuvre  success.
2024-09-21 20:55:39 INFO  o.B.coucheUtilitaire.LoggerMessage - materiaux  success.
2024-09-21 20:55:39 INFO  o.B.coucheUtilitaire.LoggerMessage - materiaux  success.
2024-09-21 22:16:04 INFO  o.B.coucheUtilitaire.LoggerMessage - Projet registration successful.
2024-09-21 22:16:32 INFO  o.B.coucheUtilitaire.LoggerMessage - Mainœuvre  success.
2024-09-21 22:16:32 INFO  o.B.coucheUtilitaire.LoggerMessage - Mainœuvre  success.
2024-09-21 22:16:53 INFO  o.B.coucheUtilitaire.LoggerMessage - materiaux  success.
2024-09-21 22:22:27 INFO  o.B.coucheUtilitaire.LoggerMessage - Mainœuvre  success.
2024-09-21 22:22:27 INFO  o.B.coucheUtilitaire.LoggerMessage - Mainœuvre  success.
2024-09-21 22:22:39 INFO  o.B.coucheUtilitaire.LoggerMessage - materiaux  success.
2024-09-21 22:26:50 INFO  o.B.coucheUtilitaire.LoggerMessage - Mainœuvre  success.
2024-09-21 22:26:50 INFO  o.B.coucheUtilitaire.LoggerMessage - Mainœuvre  success.
2024-09-21 22:27:15 INFO  o.B.coucheUtilitaire.LoggerMessage - materiaux  success.
2024-09-21 22:27:15 INFO  o.B.coucheUtilitaire.LoggerMessage - materiaux  success.
2024-09-21 23:21:45 INFO  o.B.coucheUtilitaire.LoggerMessage - Aucun projet ajouté pour le client.
2024-09-21 23:23:38 INFO  o.B.coucheUtilitaire.LoggerMessage - Aucun projet ajouté pour le client.
2024-09-21 23:23:38 ERROR o.B.coucheUtilitaire.LoggerMessage - Aucun Client
2024-09-21 23:34:41 INFO  o.B.coucheUtilitaire.LoggerMessage - Projet registration successful.
2024-09-21 23:35:06 INFO  o.B.coucheUtilitaire.LoggerMessage - Mainœuvre  success.
2024-09-21 23:35:06 INFO  o.B.coucheUtilitaire.LoggerMessage - Mainœuvre  success.
2024-09-21 23:35:31 INFO  o.B.coucheUtilitaire.LoggerMessage - materiaux  success.
2024-09-21 23:35:31 INFO  o.B.coucheUtilitaire.LoggerMessage - materiaux  success.
2024-09-21 23:42:03 INFO  o.B.coucheUtilitaire.LoggerMessage - Projet registration successful.
2024-09-21 23:42:17 INFO  o.B.coucheUtilitaire.LoggerMessage - Mainœuvre  success.
2024-09-21 23:42:27 INFO  o.B.coucheUtilitaire.LoggerMessage - materiaux  success.
2024-09-22 11:55:48 ERROR o.B.coucheUtilitaire.LoggerMessage - Aucun Client
2024-09-22 11:58:02 INFO  o.B.coucheUtilitaire.LoggerMessage - Projet registration successful.
2024-09-22 11:58:23 INFO  o.B.coucheUtilitaire.LoggerMessage - Mainœuvre  success.
2024-09-22 11:58:57 INFO  o.B.coucheUtilitaire.LoggerMessage - materiaux  success.
2024-09-22 12:07:18 ERROR o.B.coucheUtilitaire.LoggerMessage - Error ERREUR: la valeur d'une clé dupliquée rompt la contrainte unique « unique_nom_projet »
  Détail : La clé « (nom_projet)=(AZERT) » existe déjà.
2024-09-22 12:07:18 INFO  o.B.coucheUtilitaire.LoggerMessage - Projet registration successful.
2024-09-22 12:10:09 INFO  o.B.coucheUtilitaire.LoggerMessage - Projet registration successful.
2024-09-22 12:10:20 INFO  o.B.coucheUtilitaire.LoggerMessage - Mainœuvre  success.
2024-09-22 12:10:30 INFO  o.B.coucheUtilitaire.LoggerMessage - materiaux  success.
2024-09-22 13:04:10 INFO  o.B.coucheUtilitaire.LoggerMessage - Projet registration successful.
2024-09-22 13:06:59 INFO  o.B.coucheUtilitaire.LoggerMessage - Projet registration successful.
2024-09-22 14:10:30 INFO  o.B.coucheUtilitaire.LoggerMessage - Projet registration successful.
2024-09-22 14:10:49 INFO  o.B.coucheUtilitaire.LoggerMessage - Mainœuvre  success.
2024-09-22 14:11:04 INFO  o.B.coucheUtilitaire.LoggerMessage - materiaux  success.
2024-09-22 14:20:31 INFO  o.B.coucheUtilitaire.LoggerMessage - Projet registration successful.
2024-09-22 14:20:41 INFO  o.B.coucheUtilitaire.LoggerMessage - Mainœuvre  success.
2024-09-22 14:21:22 INFO  o.B.coucheUtilitaire.LoggerMessage - materiaux  success.
2024-09-22 14:24:49 INFO  o.B.coucheUtilitaire.LoggerMessage - Projet registration successful.
2024-09-22 14:25:16 INFO  o.B.coucheUtilitaire.LoggerMessage - Mainœuvre  success.
2024-09-22 14:25:16 INFO  o.B.coucheUtilitaire.LoggerMessage - Mainœuvre  success.
2024-09-22 14:25:36 INFO  o.B.coucheUtilitaire.LoggerMessage - materiaux  success.
2024-09-22 14:25:46 INFO  o.B.coucheUtilitaire.LoggerMessage - Projet mis à jour avec succès.
2024-09-22 15:02:06 INFO  o.B.coucheUtilitaire.LoggerMessage - Projet registration successful.
2024-09-22 15:03:30 INFO  o.B.coucheUtilitaire.LoggerMessage - Mainœuvre  success.
2024-09-22 15:03:30 INFO  o.B.coucheUtilitaire.LoggerMessage - Mainœuvre  success.
2024-09-22 15:04:35 INFO  o.B.coucheUtilitaire.LoggerMessage - materiaux  success.
2024-09-22 15:04:35 INFO  o.B.coucheUtilitaire.LoggerMessage - materiaux  success.
2024-09-22 15:04:42 INFO  o.B.coucheUtilitaire.LoggerMessage - Taux tva mis à jour avec succès.
2024-09-22 15:04:46 INFO  o.B.coucheUtilitaire.LoggerMessage - Projet mis à jour avec succès.
2024-09-22 17:08:29 INFO  o.B.coucheUtilitaire.LoggerMessage - Projet registration successful.
2024-09-22 17:08:55 INFO  o.B.coucheUtilitaire.LoggerMessage - Mainœuvre  success.
2024-09-22 17:08:55 INFO  o.B.coucheUtilitaire.LoggerMessage - Mainœuvre  success.
2024-09-22 17:09:12 INFO  o.B.coucheUtilitaire.LoggerMessage - materiaux  success.
2024-09-22 17:09:17 INFO  o.B.coucheUtilitaire.LoggerMessage - Taux tva mis à jour avec succès.
2024-09-22 17:09:21 INFO  o.B.coucheUtilitaire.LoggerMessage - Projet mis à jour avec succès.
2024-09-22 18:03:07 INFO  o.B.coucheUtilitaire.LoggerMessage - Projet registration successful.
2024-09-22 18:04:06 INFO  o.B.coucheUtilitaire.LoggerMessage - Mainœuvre  success.
2024-09-22 18:04:06 INFO  o.B.coucheUtilitaire.LoggerMessage - Mainœuvre  success.
2024-09-22 18:05:13 INFO  o.B.coucheUtilitaire.LoggerMessage - materiaux  success.
2024-09-22 18:05:13 INFO  o.B.coucheUtilitaire.LoggerMessage - materiaux  success.
2024-09-22 18:05:20 INFO  o.B.coucheUtilitaire.LoggerMessage - Taux tva mis à jour avec succès.
2024-09-22 18:05:23 INFO  o.B.coucheUtilitaire.LoggerMessage - Projet mis à jour avec succès.
2024-09-22 18:19:01 INFO  o.B.coucheUtilitaire.LoggerMessage - Projet registration successful.
2024-09-22 18:19:18 INFO  o.B.coucheUtilitaire.LoggerMessage - Mainœuvre  success.
2024-09-22 18:19:31 INFO  o.B.coucheUtilitaire.LoggerMessage - materiaux  success.
2024-09-22 18:19:34 INFO  o.B.coucheUtilitaire.LoggerMessage - Taux tva mis à jour avec succès.
2024-09-22 18:19:38 INFO  o.B.coucheUtilitaire.LoggerMessage - Projet mis à jour avec succès.
2024-09-23 10:30:46 ERROR o.B.coucheUtilitaire.LoggerMessage - Format de date invalide. Veuillez entrer la date au format 'yyyy-MM-dd'.
2024-09-23 10:58:42 INFO  o.B.coucheUtilitaire.LoggerMessage - Projet registration successful.
2024-09-23 10:59:21 INFO  o.B.coucheUtilitaire.LoggerMessage - Aucun Composant trouvé avec cet Projet_id.
2024-09-23 10:59:24 INFO  o.B.coucheUtilitaire.LoggerMessage - Projet mis à jour avec succès.
2024-09-23 11:08:15 INFO  o.B.coucheUtilitaire.LoggerMessage - Projet registration successful.
2024-09-23 11:08:58 INFO  o.B.coucheUtilitaire.LoggerMessage - Aucun Composant trouvé avec cet Projet_id.
2024-09-23 11:20:51 INFO  o.B.coucheUtilitaire.LoggerMessage - Projet registration successful.
2024-09-23 11:21:23 INFO  o.B.coucheUtilitaire.LoggerMessage - Aucun Composant trouvé avec cet Projet_id.
2024-09-23 11:24:18 INFO  o.B.coucheUtilitaire.LoggerMessage - Projet registration successful.
2024-09-23 11:24:44 INFO  o.B.coucheUtilitaire.LoggerMessage - Aucun Composant trouvé avec cet Projet_id.
2024-09-23 11:24:49 INFO  o.B.coucheUtilitaire.LoggerMessage - Mainœuvre  success.
2024-09-23 11:24:49 INFO  o.B.coucheUtilitaire.LoggerMessage - materiaux  success.
2024-09-23 11:24:49 INFO  o.B.coucheUtilitaire.LoggerMessage - Projet mis à jour avec succès.
2024-09-23 11:29:44 INFO  o.B.coucheUtilitaire.LoggerMessage - Projet registration successful.
2024-09-23 11:30:26 INFO  o.B.coucheUtilitaire.LoggerMessage - Mainœuvre  success.
2024-09-23 11:30:26 INFO  o.B.coucheUtilitaire.LoggerMessage - materiaux  success.
2024-09-23 11:30:26 INFO  o.B.coucheUtilitaire.LoggerMessage - Projet mis à jour avec succès.
2024-09-23 11:33:05 INFO  o.B.coucheUtilitaire.LoggerMessage - Projet registration successful.
2024-09-23 11:33:33 INFO  o.B.coucheUtilitaire.LoggerMessage - Aucun Composant trouvé avec cet Projet_id.
2024-09-23 11:33:45 INFO  o.B.coucheUtilitaire.LoggerMessage - Projet mis à jour avec succès.
2024-09-23 11:35:53 INFO  o.B.coucheUtilitaire.LoggerMessage - Projet registration successful.
2024-09-23 11:36:44 INFO  o.B.coucheUtilitaire.LoggerMessage - Aucun Composant trouvé avec cet Projet_id.
2024-09-23 11:36:51 INFO  o.B.coucheUtilitaire.LoggerMessage - Mainœuvre  success.
2024-09-23 11:36:51 INFO  o.B.coucheUtilitaire.LoggerMessage - materiaux  success.
2024-09-23 11:36:51 INFO  o.B.coucheUtilitaire.LoggerMessage - Projet mis à jour avec succès.
2024-09-23 11:40:18 INFO  o.B.coucheUtilitaire.LoggerMessage - Projet registration successful.
2024-09-23 11:40:40 INFO  o.B.coucheUtilitaire.LoggerMessage - Aucun Composant trouvé avec cet Projet_id.
2024-09-23 11:40:48 INFO  o.B.coucheUtilitaire.LoggerMessage - Mainœuvre  success.
2024-09-23 11:40:48 INFO  o.B.coucheUtilitaire.LoggerMessage - materiaux  success.
2024-09-23 11:40:48 INFO  o.B.coucheUtilitaire.LoggerMessage - Projet mis à jour avec succès.
2024-09-23 11:45:04 INFO  o.B.coucheUtilitaire.LoggerMessage - Projet registration successful.
2024-09-23 11:45:27 INFO  o.B.coucheUtilitaire.LoggerMessage - Aucun Composant trouvé avec cet Projet_id.
2024-09-23 11:45:34 INFO  o.B.coucheUtilitaire.LoggerMessage - Mainœuvre  success.
2024-09-23 11:45:34 INFO  o.B.coucheUtilitaire.LoggerMessage - materiaux  success.
2024-09-23 11:45:34 INFO  o.B.coucheUtilitaire.LoggerMessage - Projet mis à jour avec succès.
2024-09-23 11:54:33 INFO  o.B.coucheUtilitaire.LoggerMessage - Client registration successful.
2024-09-23 11:55:04 INFO  o.B.coucheUtilitaire.LoggerMessage - Projet registration successful.
2024-09-23 11:58:38 INFO  o.B.coucheUtilitaire.LoggerMessage - Mainœuvre  success.
2024-09-23 11:58:38 INFO  o.B.coucheUtilitaire.LoggerMessage - Mainœuvre  success.
2024-09-23 11:58:39 INFO  o.B.coucheUtilitaire.LoggerMessage - materiaux  success.
2024-09-23 11:58:39 INFO  o.B.coucheUtilitaire.LoggerMessage - materiaux  success.
2024-09-23 11:58:39 INFO  o.B.coucheUtilitaire.LoggerMessage - Taux tva mis à jour avec succès.
2024-09-23 11:58:39 INFO  o.B.coucheUtilitaire.LoggerMessage - Projet mis à jour avec succès.
2024-09-23 12:00:40 INFO  o.B.coucheUtilitaire.LoggerMessage - Projet registration successful.
2024-09-23 12:02:40 INFO  o.B.coucheUtilitaire.LoggerMessage - Mainœuvre  success.
2024-09-23 12:02:40 INFO  o.B.coucheUtilitaire.LoggerMessage - Mainœuvre  success.
2024-09-23 12:02:40 INFO  o.B.coucheUtilitaire.LoggerMessage - materiaux  success.
2024-09-23 12:02:40 INFO  o.B.coucheUtilitaire.LoggerMessage - materiaux  success.
2024-09-23 12:02:40 INFO  o.B.coucheUtilitaire.LoggerMessage - Taux tva mis à jour avec succès.
2024-09-23 12:02:40 INFO  o.B.coucheUtilitaire.LoggerMessage - Projet mis à jour avec succès.
2024-09-23 14:36:47 INFO  o.B.coucheUtilitaire.LoggerMessage - Projet registration successful.
2024-09-23 14:37:45 INFO  o.B.coucheUtilitaire.LoggerMessage - Mainœuvre  success.
2024-09-23 14:37:45 INFO  o.B.coucheUtilitaire.LoggerMessage - materiaux  success.
2024-09-23 14:37:46 INFO  o.B.coucheUtilitaire.LoggerMessage - Taux tva mis à jour avec succès.
2024-09-23 14:37:46 INFO  o.B.coucheUtilitaire.LoggerMessage - Projet mis à jour avec succès.
2024-09-23 14:38:04 ERROR o.B.coucheUtilitaire.LoggerMessage - Format de date invalide. Veuillez entrer la date au format 'yyyy-MM-dd'.
2024-09-23 14:38:19 ERROR o.B.coucheUtilitaire.LoggerMessage - Format de date invalide. Veuillez entrer la date au format 'yyyy-MM-dd'.
2024-09-23 14:39:45 INFO  o.B.coucheUtilitaire.LoggerMessage - Projet registration successful.
2024-09-23 14:40:16 INFO  o.B.coucheUtilitaire.LoggerMessage - Mainœuvre  success.
2024-09-23 14:40:16 INFO  o.B.coucheUtilitaire.LoggerMessage - materiaux  success.
2024-09-23 14:40:16 INFO  o.B.coucheUtilitaire.LoggerMessage - Taux tva mis à jour avec succès.
2024-09-23 14:40:16 INFO  o.B.coucheUtilitaire.LoggerMessage - Projet mis à jour avec succès.
2024-09-23 14:40:27 ERROR o.B.coucheUtilitaire.LoggerMessage - Format de date invalide. Veuillez entrer la date au format 'yyyy-MM-dd'.
2024-09-23 14:42:40 INFO  o.B.coucheUtilitaire.LoggerMessage - Projet registration successful.
2024-09-23 14:43:33 INFO  o.B.coucheUtilitaire.LoggerMessage - Mainœuvre  success.
2024-09-23 14:43:33 INFO  o.B.coucheUtilitaire.LoggerMessage - materiaux  success.
2024-09-23 14:43:33 INFO  o.B.coucheUtilitaire.LoggerMessage - Taux tva mis à jour avec succès.
2024-09-23 14:43:33 INFO  o.B.coucheUtilitaire.LoggerMessage - Projet mis à jour avec succès.
2024-09-23 14:43:42 ERROR o.B.coucheUtilitaire.LoggerMessage - Erreur lors de la création du devis : L'indice de la colonne est hors limite : 4, nombre de colonnes : 3.
2024-09-23 14:45:22 INFO  o.B.coucheUtilitaire.LoggerMessage - Projet registration successful.
2024-09-23 14:45:59 INFO  o.B.coucheUtilitaire.LoggerMessage - Mainœuvre  success.
2024-09-23 14:45:59 INFO  o.B.coucheUtilitaire.LoggerMessage - materiaux  success.
2024-09-23 14:45:59 INFO  o.B.coucheUtilitaire.LoggerMessage - Taux tva mis à jour avec succès.
2024-09-23 14:45:59 INFO  o.B.coucheUtilitaire.LoggerMessage - Projet mis à jour avec succès.
2024-09-23 14:49:54 INFO  o.B.coucheUtilitaire.LoggerMessage - Projet registration successful.
2024-09-23 14:50:40 INFO  o.B.coucheUtilitaire.LoggerMessage - Mainœuvre  success.
2024-09-23 14:50:40 INFO  o.B.coucheUtilitaire.LoggerMessage - materiaux  success.
2024-09-23 14:50:40 INFO  o.B.coucheUtilitaire.LoggerMessage - Taux tva mis à jour avec succès.
2024-09-23 14:50:40 INFO  o.B.coucheUtilitaire.LoggerMessage - Projet mis à jour avec succès.
2024-09-23 14:54:59 INFO  o.B.coucheUtilitaire.LoggerMessage - Projet registration successful.
2024-09-23 14:55:34 INFO  o.B.coucheUtilitaire.LoggerMessage - Mainœuvre  success.
2024-09-23 14:55:34 INFO  o.B.coucheUtilitaire.LoggerMessage - materiaux  success.
2024-09-23 14:55:34 INFO  o.B.coucheUtilitaire.LoggerMessage - Taux tva mis à jour avec succès.
2024-09-23 14:55:34 INFO  o.B.coucheUtilitaire.LoggerMessage - Projet mis à jour avec succès.
2024-09-23 14:55:44 ERROR o.B.coucheUtilitaire.LoggerMessage - Erreur lors de la création du devis : L'indice de la colonne est hors limite : 4, nombre de colonnes : 3.
2024-09-23 14:57:58 INFO  o.B.coucheUtilitaire.LoggerMessage - Projet registration successful.
2024-09-23 14:58:35 INFO  o.B.coucheUtilitaire.LoggerMessage - Mainœuvre  success.
2024-09-23 14:58:35 INFO  o.B.coucheUtilitaire.LoggerMessage - materiaux  success.
2024-09-23 14:58:35 INFO  o.B.coucheUtilitaire.LoggerMessage - Taux tva mis à jour avec succès.
2024-09-23 14:58:35 INFO  o.B.coucheUtilitaire.LoggerMessage - Projet mis à jour avec succès.
2024-09-23 15:03:21 INFO  o.B.coucheUtilitaire.LoggerMessage - Client registration successful.
2024-09-23 15:04:58 INFO  o.B.coucheUtilitaire.LoggerMessage - Projet registration successful.
2024-09-23 15:06:02 INFO  o.B.coucheUtilitaire.LoggerMessage - Mainœuvre  success.
2024-09-23 15:06:02 INFO  o.B.coucheUtilitaire.LoggerMessage - materiaux  success.
2024-09-23 15:06:02 INFO  o.B.coucheUtilitaire.LoggerMessage - Taux tva mis à jour avec succès.
2024-09-23 15:06:02 INFO  o.B.coucheUtilitaire.LoggerMessage - Projet mis à jour avec succès.
2024-09-23 15:07:19 ERROR o.B.coucheUtilitaire.LoggerMessage - Erreur lors de la création du devis : Un résultat a été retourné alors qu'aucun n'était attendu.
2024-09-23 15:15:11 INFO  o.B.coucheUtilitaire.LoggerMessage - Projet registration successful.
2024-09-23 15:15:44 INFO  o.B.coucheUtilitaire.LoggerMessage - Mainœuvre  success.
2024-09-23 15:15:44 INFO  o.B.coucheUtilitaire.LoggerMessage - materiaux  success.
2024-09-23 15:15:44 INFO  o.B.coucheUtilitaire.LoggerMessage - Taux tva mis à jour avec succès.
2024-09-23 15:15:44 INFO  o.B.coucheUtilitaire.LoggerMessage - Projet mis à jour avec succès.
2024-09-23 15:15:55 ERROR o.B.coucheUtilitaire.LoggerMessage - Erreur lors de la création du devis : Un résultat a été retourné alors qu'aucun n'était attendu.
